<?xml version="1.0" encoding="UTF-8"?>
<Site BuildName="Linux-c++"
	BuildStamp="20190829-0228-Experimental"
	Name="b26a044b056a"
	Generator="ctest-3.12.1"
	CompilerName="/usr/bin/c++"
	CompilerVersion="7.3.0"
	OSName="Linux"
	Hostname="b26a044b056a"
	OSRelease="4.9.184-linuxkit"
	OSVersion="#1 SMP Tue Jul 2 22:58:16 UTC 2019"
	OSPlatform="x86_64"
	Is64Bits="1"
	VendorString="GenuineIntel"
	VendorID="Intel Corporation"
	FamilyID="6"
	ModelID="62"
	ProcessorCacheSize="30720"
	NumberOfLogicalCPU="12"
	NumberOfPhysicalCPU="12"
	TotalVirtualMemory="1023"
	TotalPhysicalMemory="1997"
	LogicalProcessorsPerPhysical="1"
	ProcessorClockFrequency="2697.97"
	>
	<Build>
		<StartDateTime>Aug 29 02:28 UTC</StartDateTime>
		<StartBuildTime>1567045728</StartBuildTime>
		<BuildCommand>/opt/cmake/bin/cmake --build . --config "Release"</BuildCommand>
		<Log Encoding="base64" Compression="bin/gzip"/>
		<EndDateTime>Aug 29 02:28 UTC</EndDateTime>
		<EndBuildTime>1567045731</EndBuildTime>
		<ElapsedMinutes>0</ElapsedMinutes>
	</Build>
</Site>
