<?xml version="1.0" encoding="UTF-8"?>
<Site BuildName="Linux-c++"
	BuildStamp="20190828-2331-Experimental"
	Name="b26a044b056a"
	Generator="ctest-3.12.1"
	CompilerName="/usr/bin/c++"
	CompilerVersion="7.3.0"
	OSName="Linux"
	Hostname="b26a044b056a"
	OSRelease="4.9.184-linuxkit"
	OSVersion="#1 SMP Tue Jul 2 22:58:16 UTC 2019"
	OSPlatform="x86_64"
	Is64Bits="1"
	VendorString="GenuineIntel"
	VendorID="Intel Corporation"
	FamilyID="6"
	ModelID="62"
	ProcessorCacheSize="30720"
	NumberOfLogicalCPU="12"
	NumberOfPhysicalCPU="12"
	TotalVirtualMemory="1023"
	TotalPhysicalMemory="1997"
	LogicalProcessorsPerPhysical="1"
	ProcessorClockFrequency="2697.97"
	>
	<Configure>
		<StartDateTime>Aug 28 23:31 UTC</StartDateTime>
		<StartConfigureTime>1567035104</StartConfigureTime>
		<ConfigureCommand>"/opt/cmake/bin/cmake" "/home/mightybuilder/repos/github/cmake/demo/ch-14-cdash/rec-01/cxx-example"</ConfigureCommand>
		<Log>-- Configuring done
-- Generating done
-- Build files have been written to: /home/mightybuilder/repos/github/cmake/demo/ch-14-cdash/rec-01/cxx-example/build
</Log>
		<ConfigureStatus>0</ConfigureStatus>
		<EndDateTime>Aug 28 23:31 UTC</EndDateTime>
		<EndConfigureTime>1567035104</EndConfigureTime>
		<ElapsedMinutes>0</ElapsedMinutes>
	</Configure>
</Site>
