Start testing: Aug 30 05:45 UTC
----------------------------------------------------------
1/2 Testing: leaky
1/2 Test: leaky
Command: "/home/mightybuilder/repos/github/cmake/demo/ch-14-cdash/rec-03/cxx-example/build/tests/leaky"
Directory: /home/mightybuilder/repos/github/cmake/demo/ch-14-cdash/rec-03/cxx-example/build/tests
"leaky" start time: Aug 30 05:45 UTC
Output:
----------------------------------------------------------

=================================================================
==1026==ERROR: LeakSanitizer: detected memory leaks

Direct leak of 8000 byte(s) in 1 object(s) allocated from:
    #0 0x7f5387e31618 in operator new[](unsigned long) (/usr/lib/x86_64-linux-gnu/libasan.so.4+0xe0618)
    #1 0x55c300fdbfb2 in function_leaky() /home/mightybuilder/repos/github/cmake/demo/ch-14-cdash/rec-03/cxx-example/src/buggy.cpp:7
    #2 0x55c300fdbf92 in main /home/mightybuilder/repos/github/cmake/demo/ch-14-cdash/rec-03/cxx-example/tests/leaky.cpp:4
    #3 0x7f53875f3b96 in __libc_start_main (/lib/x86_64-linux-gnu/libc.so.6+0x21b96)

SUMMARY: AddressSanitizer: 8000 byte(s) leaked in 1 allocation(s).
<end of output>
Test time =   0.03 sec
----------------------------------------------------------
Test Failed.
"leaky" end time: Aug 30 05:45 UTC
"leaky" time elapsed: 00:00:00
----------------------------------------------------------

2/2 Testing: use_after_free
2/2 Test: use_after_free
Command: "/home/mightybuilder/repos/github/cmake/demo/ch-14-cdash/rec-03/cxx-example/build/tests/use_after_free"
Directory: /home/mightybuilder/repos/github/cmake/demo/ch-14-cdash/rec-03/cxx-example/build/tests
"use_after_free" start time: Aug 30 05:45 UTC
Output:
----------------------------------------------------------
=================================================================
==1028==ERROR: AddressSanitizer: heap-use-after-free on address 0x6250000004d8 at pc 0x5632db4ae0e2 bp 0x7ffdbf5ce560 sp 0x7ffdbf5ce550
READ of size 8 at 0x6250000004d8 thread T0
    #0 0x5632db4ae0e1 in function_use_after_free() /home/mightybuilder/repos/github/cmake/demo/ch-14-cdash/rec-03/cxx-example/src/buggy.cpp:28
    #1 0x5632db4adf92 in main /home/mightybuilder/repos/github/cmake/demo/ch-14-cdash/rec-03/cxx-example/tests/use_after_free.cpp:4
    #2 0x7f2c1fa97b96 in __libc_start_main (/lib/x86_64-linux-gnu/libc.so.6+0x21b96)
    #3 0x5632db4adea9 in _start (/home/mightybuilder/repos/github/cmake/demo/ch-14-cdash/rec-03/cxx-example/build/tests/use_after_free+0xea9)

0x6250000004d8 is located 984 bytes inside of 8000-byte region [0x625000000100,0x625000002040)
freed by thread T0 here:
    #0 0x7f2c202d6490 in operator delete[](void*) (/usr/lib/x86_64-linux-gnu/libasan.so.4+0xe1490)
    #1 0x5632db4adfda in function_use_after_free() /home/mightybuilder/repos/github/cmake/demo/ch-14-cdash/rec-03/cxx-example/src/buggy.cpp:24
    #2 0x5632db4adf92 in main /home/mightybuilder/repos/github/cmake/demo/ch-14-cdash/rec-03/cxx-example/tests/use_after_free.cpp:4
    #3 0x7f2c1fa97b96 in __libc_start_main (/lib/x86_64-linux-gnu/libc.so.6+0x21b96)

previously allocated by thread T0 here:
    #0 0x7f2c202d5618 in operator new[](unsigned long) (/usr/lib/x86_64-linux-gnu/libasan.so.4+0xe0618)
    #1 0x5632db4adfca in function_use_after_free() /home/mightybuilder/repos/github/cmake/demo/ch-14-cdash/rec-03/cxx-example/src/buggy.cpp:19
    #2 0x5632db4adf92 in main /home/mightybuilder/repos/github/cmake/demo/ch-14-cdash/rec-03/cxx-example/tests/use_after_free.cpp:4
    #3 0x7f2c1fa97b96 in __libc_start_main (/lib/x86_64-linux-gnu/libc.so.6+0x21b96)

SUMMARY: AddressSanitizer: heap-use-after-free /home/mightybuilder/repos/github/cmake/demo/ch-14-cdash/rec-03/cxx-example/src/buggy.cpp:28 in function_use_after_free()
Shadow bytes around the buggy address:
  0x0c4a7fff8040: fd fd fd fd fd fd fd fd fd fd fd fd fd fd fd fd
  0x0c4a7fff8050: fd fd fd fd fd fd fd fd fd fd fd fd fd fd fd fd
  0x0c4a7fff8060: fd fd fd fd fd fd fd fd fd fd fd fd fd fd fd fd
  0x0c4a7fff8070: fd fd fd fd fd fd fd fd fd fd fd fd fd fd fd fd
  0x0c4a7fff8080: fd fd fd fd fd fd fd fd fd fd fd fd fd fd fd fd
=>0x0c4a7fff8090: fd fd fd fd fd fd fd fd fd fd fd[fd]fd fd fd fd
  0x0c4a7fff80a0: fd fd fd fd fd fd fd fd fd fd fd fd fd fd fd fd
  0x0c4a7fff80b0: fd fd fd fd fd fd fd fd fd fd fd fd fd fd fd fd
  0x0c4a7fff80c0: fd fd fd fd fd fd fd fd fd fd fd fd fd fd fd fd
  0x0c4a7fff80d0: fd fd fd fd fd fd fd fd fd fd fd fd fd fd fd fd
  0x0c4a7fff80e0: fd fd fd fd fd fd fd fd fd fd fd fd fd fd fd fd
Shadow byte legend (one shadow byte represents 8 application bytes):
  Addressable:           00
  Partially addressable: 01 02 03 04 05 06 07 
  Heap left redzone:       fa
  Freed heap region:       fd
  Stack left redzone:      f1
  Stack mid redzone:       f2
  Stack right redzone:     f3
  Stack after return:      f5
  Stack use after scope:   f8
  Global redzone:          f9
  Global init order:       f6
  Poisoned by user:        f7
  Container overflow:      fc
  Array cookie:            ac
  Intra object redzone:    bb
  ASan internal:           fe
  Left alloca redzone:     ca
  Right alloca redzone:    cb
==1028==ABORTING
<end of output>
Test time =   0.03 sec
----------------------------------------------------------
Test Failed.
"use_after_free" end time: Aug 30 05:45 UTC
"use_after_free" time elapsed: 00:00:00
----------------------------------------------------------

End testing: Aug 30 05:45 UTC
