Start testing: Aug 28 19:19 UTC
----------------------------------------------------------
1/4 Testing: bash_test
1/4 Test: bash_test
Command: "/bin/bash" "/home/mightybuilder/repos/github/cmake/demo/ch-04-tests/rec-02/test.sh" "/home/mightybuilder/repos/github/cmake/demo/ch-04-tests/rec-02/build/sum_up"
Directory: /home/mightybuilder/repos/github/cmake/demo/ch-04-tests/rec-02/build
"bash_test" start time: Aug 28 19:19 UTC
Output:
----------------------------------------------------------
<end of output>
Test time =   0.01 sec
----------------------------------------------------------
Test Passed.
"bash_test" end time: Aug 28 19:19 UTC
"bash_test" time elapsed: 00:00:00
----------------------------------------------------------

2/4 Testing: cpp_test
2/4 Test: cpp_test
Command: "/home/mightybuilder/repos/github/cmake/demo/ch-04-tests/rec-02/build/cpp_test"
Directory: /home/mightybuilder/repos/github/cmake/demo/ch-04-tests/rec-02/build
"cpp_test" start time: Aug 28 19:19 UTC
Output:
----------------------------------------------------------
===============================================================================
All tests passed (2 assertions in 2 test cases)

<end of output>
Test time =   0.01 sec
----------------------------------------------------------
Test Passed.
"cpp_test" end time: Aug 28 19:19 UTC
"cpp_test" time elapsed: 00:00:00
----------------------------------------------------------

3/4 Testing: python_test_long
3/4 Test: python_test_long
Command: "/opt/conda/bin/python" "/home/mightybuilder/repos/github/cmake/demo/ch-04-tests/rec-02/test.py" "--executable" "/home/mightybuilder/repos/github/cmake/demo/ch-04-tests/rec-02/build/sum_up"
Directory: /home/mightybuilder/repos/github/cmake/demo/ch-04-tests/rec-02/build
"python_test_long" start time: Aug 28 19:19 UTC
Output:
----------------------------------------------------------
Traceback (most recent call last):
  File "/home/mightybuilder/repos/github/cmake/demo/ch-04-tests/rec-02/test.py", line 26, in <module>
    result = execute_cpp_code( [str( i ) for i in range( 1, 1000001 )] )
  File "/home/mightybuilder/repos/github/cmake/demo/ch-04-tests/rec-02/test.py", line 16, in execute_cpp_code
    result = subprocess.check_output( [args.executable] + integers )
  File "/opt/conda/lib/python3.6/subprocess.py", line 336, in check_output
    **kwargs).stdout
  File "/opt/conda/lib/python3.6/subprocess.py", line 403, in run
    with Popen(*popenargs, **kwargs) as process:
  File "/opt/conda/lib/python3.6/subprocess.py", line 709, in __init__
    restore_signals, start_new_session)
  File "/opt/conda/lib/python3.6/subprocess.py", line 1344, in _execute_child
    raise child_exception_type(errno_num, err_msg, err_filename)
OSError: [Errno 7] Argument list too long: '/home/mightybuilder/repos/github/cmake/demo/ch-04-tests/rec-02/build/sum_up'
<end of output>
Test time =   1.03 sec
----------------------------------------------------------
Test Failed.
"python_test_long" end time: Aug 28 19:19 UTC
"python_test_long" time elapsed: 00:00:01
----------------------------------------------------------

4/4 Testing: python_test_short
4/4 Test: python_test_short
Command: "/opt/conda/bin/python" "/home/mightybuilder/repos/github/cmake/demo/ch-04-tests/rec-02/test.py" "--short" "--executable" "/home/mightybuilder/repos/github/cmake/demo/ch-04-tests/rec-02/build/sum_up"
Directory: /home/mightybuilder/repos/github/cmake/demo/ch-04-tests/rec-02/build
"python_test_short" start time: Aug 28 19:19 UTC
Output:
----------------------------------------------------------
<end of output>
Test time =   0.12 sec
----------------------------------------------------------
Test Passed.
"python_test_short" end time: Aug 28 19:19 UTC
"python_test_short" time elapsed: 00:00:00
----------------------------------------------------------

End testing: Aug 28 19:19 UTC
