Start testing: Aug 29 02:28 UTC
----------------------------------------------------------
1/2 Testing: test_short
1/2 Test: test_short
Command: "/home/mightybuilder/repos/github/cmake/demo/ch-14-cdash/rec-02/cxx-example/build/tests/test_short"
Directory: /home/mightybuilder/repos/github/cmake/demo/ch-14-cdash/rec-02/cxx-example/build/tests
"test_short" start time: Aug 29 02:28 UTC
Output:
----------------------------------------------------------
<end of output>
Test time =   0.00 sec
----------------------------------------------------------
Test Passed.
"test_short" end time: Aug 29 02:28 UTC
"test_short" time elapsed: 00:00:00
----------------------------------------------------------

2/2 Testing: test_long
2/2 Test: test_long
Command: "/home/mightybuilder/repos/github/cmake/demo/ch-14-cdash/rec-02/cxx-example/build/tests/test_long"
Directory: /home/mightybuilder/repos/github/cmake/demo/ch-14-cdash/rec-02/cxx-example/build/tests
"test_long" start time: Aug 29 02:28 UTC
Output:
----------------------------------------------------------
<end of output>
Test time =   0.00 sec
----------------------------------------------------------
Test Passed.
"test_long" end time: Aug 29 02:28 UTC
"test_long" time elapsed: 00:00:00
----------------------------------------------------------

End testing: Aug 29 02:28 UTC
