<?xml version="1.0" encoding="UTF-8"?>
<Site BuildName="Linux-c++"
	BuildStamp="20190829-0317-Experimental"
	Name="381d0c947555"
	Generator="ctest-3.12.1"
	CompilerName="/usr/bin/c++"
	CompilerVersion="7.3.0"
	OSName="Linux"
	Hostname="381d0c947555"
	OSRelease="4.9.184-linuxkit"
	OSVersion="#1 SMP Tue Jul 2 22:58:16 UTC 2019"
	OSPlatform="x86_64"
	Is64Bits="1"
	VendorString="GenuineIntel"
	VendorID="Intel Corporation"
	FamilyID="6"
	ModelID="70"
	ProcessorCacheSize="6144"
	NumberOfLogicalCPU="4"
	NumberOfPhysicalCPU="4"
	TotalVirtualMemory="1023"
	TotalPhysicalMemory="1998"
	LogicalProcessorsPerPhysical="1"
	ProcessorClockFrequency="2592.08"
	>
	<Configure>
		<StartDateTime>Aug 29 03:17 UTC</StartDateTime>
		<StartConfigureTime>1567048657</StartConfigureTime>
		<ConfigureCommand>"/opt/cmake/bin/cmake" "/home/mightybuilder/repos/github/cmake/demo/ch-14-cdash/rec-02/cxx-example"</ConfigureCommand>
		<Log>-- Coverage analysis with gcov enabled
-- Configuring done
-- Generating done
-- Build files have been written to: /home/mightybuilder/repos/github/cmake/demo/ch-14-cdash/rec-02/cxx-example/build
</Log>
		<ConfigureStatus>0</ConfigureStatus>
		<EndDateTime>Aug 29 03:17 UTC</EndDateTime>
		<EndConfigureTime>1567048657</EndConfigureTime>
		<ElapsedMinutes>0</ElapsedMinutes>
	</Configure>
</Site>
