<?xml version="1.0" encoding="UTF-8"?>
<Site BuildName="Linux-c++"
	BuildStamp="20190829-0317-Experimental"
	Name="381d0c947555"
	Generator="ctest-3.12.1"
	CompilerName="/usr/bin/c++"
	CompilerVersion="7.3.0"
	OSName="Linux"
	Hostname="381d0c947555"
	OSRelease="4.9.184-linuxkit"
	OSVersion="#1 SMP Tue Jul 2 22:58:16 UTC 2019"
	OSPlatform="x86_64"
	Is64Bits="1"
	VendorString="GenuineIntel"
	VendorID="Intel Corporation"
	FamilyID="6"
	ModelID="70"
	ProcessorCacheSize="6144"
	NumberOfLogicalCPU="4"
	NumberOfPhysicalCPU="4"
	TotalVirtualMemory="1023"
	TotalPhysicalMemory="1998"
	LogicalProcessorsPerPhysical="1"
	ProcessorClockFrequency="2592.08"
	>
	<Coverage>
		<StartDateTime>Aug 29 03:17 UTC</StartDateTime>
		<StartTime>1567048658</StartTime>
		<File Name="sum_integers.cpp" FullPath="./src/sum_integers.cpp" Covered="true">
			<LOCTested>5</LOCTested>
			<LOCUnTested>5</LOCUnTested>
			<PercentCoverage>50.00</PercentCoverage>
			<CoverageMetric>0.75</CoverageMetric>
		</File>
		<File Name="test_long.cpp" FullPath="./tests/test_long.cpp" Covered="true">
			<LOCTested>5</LOCTested>
			<LOCUnTested>1</LOCUnTested>
			<PercentCoverage>83.33</PercentCoverage>
			<CoverageMetric>0.94</CoverageMetric>
		</File>
		<File Name="test_short.cpp" FullPath="./tests/test_short.cpp" Covered="true">
			<LOCTested>4</LOCTested>
			<LOCUnTested>1</LOCUnTested>
			<PercentCoverage>80.00</PercentCoverage>
			<CoverageMetric>0.93</CoverageMetric>
		</File>
		<LOCTested>14</LOCTested>
		<LOCUntested>7</LOCUntested>
		<LOC>21</LOC>
		<PercentCoverage>66.67</PercentCoverage>
		<EndDateTime>Aug 29 03:17 UTC</EndDateTime>
		<EndTime>1567048658</EndTime>
		<ElapsedMinutes>0</ElapsedMinutes>
	</Coverage>
</Site>
