<?xml version="1.0" encoding="UTF-8"?>
<Site BuildName="Linux-c++"
	BuildStamp="20190829-0317-Experimental"
	Name="381d0c947555"
	Generator="ctest-3.12.1"
	CompilerName="/usr/bin/c++"
	CompilerVersion="7.3.0"
	OSName="Linux"
	Hostname="381d0c947555"
	OSRelease="4.9.184-linuxkit"
	OSVersion="#1 SMP Tue Jul 2 22:58:16 UTC 2019"
	OSPlatform="x86_64"
	Is64Bits="1"
	VendorString="GenuineIntel"
	VendorID="Intel Corporation"
	FamilyID="6"
	ModelID="70"
	ProcessorCacheSize="6144"
	NumberOfLogicalCPU="4"
	NumberOfPhysicalCPU="4"
	TotalVirtualMemory="1023"
	TotalPhysicalMemory="1998"
	LogicalProcessorsPerPhysical="1"
	ProcessorClockFrequency="2592.08"
	>
	<Testing>
		<StartDateTime>Aug 29 03:17 UTC</StartDateTime>
		<StartTestTime>1567048658</StartTestTime>
		<TestList>
			<Test>./tests/test_short</Test>
			<Test>./tests/test_long</Test>
		</TestList>
		<Test Status="passed">
			<Name>test_short</Name>
			<Path>./tests</Path>
			<FullName>./tests/test_short</FullName>
			<FullCommandLine>/home/mightybuilder/repos/github/cmake/demo/ch-14-cdash/rec-02/cxx-example/build/tests/test_short</FullCommandLine>
			<Results>
				<NamedMeasurement type="numeric/double" name="Execution Time">
					<Value>0.0027632</Value>
				</NamedMeasurement>
				<NamedMeasurement type="numeric/double" name="Processors">
					<Value>1</Value>
				</NamedMeasurement>
				<NamedMeasurement type="text/string" name="Completion Status">
					<Value>Completed</Value>
				</NamedMeasurement>
				<NamedMeasurement type="text/string" name="Command Line">
					<Value>/home/mightybuilder/repos/github/cmake/demo/ch-14-cdash/rec-02/cxx-example/build/tests/test_short</Value>
				</NamedMeasurement>
				<Measurement>
					<Value></Value>
				</Measurement>
			</Results>
		</Test>
		<Test Status="passed">
			<Name>test_long</Name>
			<Path>./tests</Path>
			<FullName>./tests/test_long</FullName>
			<FullCommandLine>/home/mightybuilder/repos/github/cmake/demo/ch-14-cdash/rec-02/cxx-example/build/tests/test_long</FullCommandLine>
			<Results>
				<NamedMeasurement type="numeric/double" name="Execution Time">
					<Value>0.0022544</Value>
				</NamedMeasurement>
				<NamedMeasurement type="numeric/double" name="Processors">
					<Value>1</Value>
				</NamedMeasurement>
				<NamedMeasurement type="text/string" name="Completion Status">
					<Value>Completed</Value>
				</NamedMeasurement>
				<NamedMeasurement type="text/string" name="Command Line">
					<Value>/home/mightybuilder/repos/github/cmake/demo/ch-14-cdash/rec-02/cxx-example/build/tests/test_long</Value>
				</NamedMeasurement>
				<Measurement>
					<Value></Value>
				</Measurement>
			</Results>
		</Test>
		<EndDateTime>Aug 29 03:17 UTC</EndDateTime>
		<EndTestTime>1567048658</EndTestTime>
		<ElapsedMinutes>0</ElapsedMinutes>
	</Testing>
</Site>
