        -:    0:Source:/home/mightybuilder/repos/github/cmake/demo/ch-14-cdash/rec-02/cxx-example/tests/test_short.cpp
        -:    0:Graph:/home/mightybuilder/repos/github/cmake/demo/ch-14-cdash/rec-02/cxx-example/build/tests/CMakeFiles/test_short.dir/test_short.cpp.gcno
        -:    0:Data:/home/mightybuilder/repos/github/cmake/demo/ch-14-cdash/rec-02/cxx-example/build/tests/CMakeFiles/test_short.dir/test_short.cpp.gcda
        -:    0:Runs:1
        -:    0:Programs:1
        -:    1:#include "sum_integers.hpp"
        -:    2:
        -:    3:#include <vector>
        -:    4:
        1:    5:int main() {
        1:    6:  auto integers = {1, 2, 3, 4, 5};
        -:    7:
        1:    8:  if (sum_integers(integers) == 15) {
        1:    9:    return 0;
        -:   10:  } else {
    #####:   11:    return 1;
        -:   12:  }
        -:   13:}
